<?xml version="1.0" encoding="UTF-8"?>
<testsuite name="academy Choucair" tests="1" skipped="0" failures="0" errors="0" timestamp="2021-09-10T15:41:08" hostname="ALEX-PC" time="19.225">
  <properties/>
  <testcase name="Search form a automatic course" classname="academy Choucair" time="19.225"/>
  <system-out><![CDATA[]]></system-out>
  <system-err><![CDATA[[Test worker] WARN net.thucydides.core.steps.BaseStepListener - stepStarted: net.thucydides.core.steps.ExecutedStepDescription@2f674623
[Test worker] WARN net.thucydides.core.steps.BaseStepListener - stepStarted: net.thucydides.core.steps.ExecutedStepDescription@3df9ea6
[Test worker] WARN net.thucydides.core.steps.BaseStepListener - stepStarted: net.thucydides.core.steps.ExecutedStepDescription@766c9f53
Sep 10, 2021 10:41:09 AM org.openqa.selenium.remote.DesiredCapabilities chrome
INFO: Using `new ChromeOptions()` is preferred to `DesiredCapabilities.chrome()`
[Test worker] INFO net.serenitybdd.core.webdriver.driverproviders.ProvideNewDriver - Instantiating driver
[Test worker] INFO net.serenitybdd.core.webdriver.driverproviders.ProvideNewDriver - Driver capabilities: Capabilities {acceptInsecureCerts: false, browserName: chrome, chrome.switches: --start-maximized, goog:chromeOptions: {args: [--start-maximized], extensions: []}, loggingPrefs: org.openqa.selenium.logging..., platform: ANY, version: }
Starting ChromeDriver 92.0.4515.107 (87a818b10553a07434ea9e2b6dccf3cbe7895134-refs/branch-heads/4515@{#1634}) on port 29363
Only local connections are allowed.
Please see https://chromedriver.chromium.org/security-considerations for suggestions on keeping ChromeDriver safe.
ChromeDriver was started successfully.
[1631288470.848][WARNING]: This version of ChromeDriver has not been tested with Chrome version 93.
Sep 10, 2021 10:41:10 AM org.openqa.selenium.remote.ProtocolHandshake createSession
INFO: Detected dialect: W3C
[Test worker] WARN net.thucydides.core.steps.BaseStepListener - stepFinished: current outcome:Search form a automatic course:Given than brandon wants to learn automation at the academy choucair
| strUser | srtPassword |
| 1019057007 | Choucair2021* | [Brandon open up [Brandon opens the Choucair academy page]]
[Test worker] WARN net.thucydides.core.steps.BaseStepListener - stepFinished: current outcome:Search form a automatic course:Given than brandon wants to learn automation at the academy choucair
| strUser | srtPassword |
| 1019057007 | Choucair2021* | [Brandon open up [Brandon opens the Choucair academy page]]
[Test worker] WARN net.thucydides.core.steps.BaseStepListener - stepStarted: net.thucydides.core.steps.ExecutedStepDescription@78ccacb9
[Test worker] WARN net.thucydides.core.steps.BaseStepListener - stepStarted: net.thucydides.core.steps.ExecutedStepDescription@e939190
[Test worker] WARN net.thucydides.core.steps.BaseStepListener - stepFinished: current outcome:Search form a automatic course:Given than brandon wants to learn automation at the academy choucair
| strUser | srtPassword |
| 1019057007 | Choucair2021* | [Brandon open up [Brandon opens the Choucair academy page], Brandon login [Brandon clicks on button that shows us the form to login]]
[Test worker] WARN net.thucydides.core.steps.BaseStepListener - stepStarted: net.thucydides.core.steps.ExecutedStepDescription@52ebddcd
[Test worker] WARN net.thucydides.core.steps.BaseStepListener - stepFinished: current outcome:Search form a automatic course:Given than brandon wants to learn automation at the academy choucair
| strUser | srtPassword |
| 1019057007 | Choucair2021* | [Brandon open up [Brandon opens the Choucair academy page], Brandon login [Brandon clicks on button that shows us the form to login, Brandon enters '1019057007' into input field write user name]]
[Test worker] WARN net.thucydides.core.steps.BaseStepListener - stepStarted: net.thucydides.core.steps.ExecutedStepDescription@6a9c1fd9
[Test worker] WARN net.thucydides.core.steps.BaseStepListener - stepFinished: current outcome:Search form a automatic course:Given than brandon wants to learn automation at the academy choucair
| strUser | srtPassword |
| 1019057007 | Choucair2021* | [Brandon open up [Brandon opens the Choucair academy page], Brandon login [Brandon clicks on button that shows us the form to login, Brandon enters '1019057007' into input field write user name, Brandon enters 'Choucair2021*' into input field write password user]]
[Test worker] WARN net.thucydides.core.steps.BaseStepListener - stepStarted: net.thucydides.core.steps.ExecutedStepDescription@f80ebc9
[Test worker] WARN net.thucydides.core.steps.BaseStepListener - stepFinished: current outcome:Search form a automatic course:Given than brandon wants to learn automation at the academy choucair
| strUser | srtPassword |
| 1019057007 | Choucair2021* | [Brandon open up [Brandon opens the Choucair academy page], Brandon login [Brandon clicks on button that shows us the form to login, Brandon enters '1019057007' into input field write user name, Brandon enters 'Choucair2021*' into input field write password user, Brandon clicks on button that shows us the form to login]]
[Test worker] WARN net.thucydides.core.steps.BaseStepListener - stepFinished: current outcome:Search form a automatic course:Given than brandon wants to learn automation at the academy choucair
| strUser | srtPassword |
| 1019057007 | Choucair2021* | [Brandon open up [Brandon opens the Choucair academy page], Brandon login [Brandon clicks on button that shows us the form to login, Brandon enters '1019057007' into input field write user name, Brandon enters 'Choucair2021*' into input field write password user, Brandon clicks on button that shows us the form to login]]
[Test worker] WARN net.thucydides.core.steps.BaseStepListener - stepFinished: current outcome:Search form a automatic course:Given than brandon wants to learn automation at the academy choucair
| strUser | srtPassword |
| 1019057007 | Choucair2021* | [Brandon open up [Brandon opens the Choucair academy page], Brandon login [Brandon clicks on button that shows us the form to login, Brandon enters '1019057007' into input field write user name, Brandon enters 'Choucair2021*' into input field write password user, Brandon clicks on button that shows us the form to login]]
[Test worker] WARN net.thucydides.core.steps.BaseStepListener - stepStarted: net.thucydides.core.steps.ExecutedStepDescription@6cc37e1d
[Test worker] WARN net.thucydides.core.steps.BaseStepListener - stepStarted: net.thucydides.core.steps.ExecutedStepDescription@3039baef
[Test worker] WARN net.thucydides.core.steps.BaseStepListener - stepStarted: net.thucydides.core.steps.ExecutedStepDescription@13a8b0c4
[Test worker] WARN net.thucydides.core.steps.BaseStepListener - stepFinished: current outcome:Search form a automatic course:Given than brandon wants to learn automation at the academy choucair
| strUser | srtPassword |
| 1019057007 | Choucair2021* | [Brandon open up [Brandon opens the Choucair academy page], Brandon login [Brandon clicks on button that shows us the form to login, Brandon enters '1019057007' into input field write user name, Brandon enters 'Choucair2021*' into input field write password user, Brandon clicks on button that shows us the form to login]], When he search for the course on the choucair academy platform
| strCourse |
| Foundation Level | [Brandon search [Brandon clicks on link page courses]]
[Test worker] WARN net.thucydides.core.steps.BaseStepListener - stepStarted: net.thucydides.core.steps.ExecutedStepDescription@197474c3
[Test worker] WARN net.thucydides.core.steps.BaseStepListener - stepFinished: current outcome:Search form a automatic course:Given than brandon wants to learn automation at the academy choucair
| strUser | srtPassword |
| 1019057007 | Choucair2021* | [Brandon open up [Brandon opens the Choucair academy page], Brandon login [Brandon clicks on button that shows us the form to login, Brandon enters '1019057007' into input field write user name, Brandon enters 'Choucair2021*' into input field write password user, Brandon clicks on button that shows us the form to login]], When he search for the course on the choucair academy platform
| strCourse |
| Foundation Level | [Brandon search [Brandon clicks on link page courses, Brandon enters 'Foundation Level' into input field search course]]
[Test worker] WARN net.thucydides.core.steps.BaseStepListener - stepStarted: net.thucydides.core.steps.ExecutedStepDescription@229d887
[Test worker] WARN net.thucydides.core.steps.BaseStepListener - stepFinished: current outcome:Search form a automatic course:Given than brandon wants to learn automation at the academy choucair
| strUser | srtPassword |
| 1019057007 | Choucair2021* | [Brandon open up [Brandon opens the Choucair academy page], Brandon login [Brandon clicks on button that shows us the form to login, Brandon enters '1019057007' into input field write user name, Brandon enters 'Choucair2021*' into input field write password user, Brandon clicks on button that shows us the form to login]], When he search for the course on the choucair academy platform
| strCourse |
| Foundation Level | [Brandon search [Brandon clicks on link page courses, Brandon enters 'Foundation Level' into input field search course, Brandon clicks on button search course]]
[Test worker] WARN net.thucydides.core.steps.BaseStepListener - stepStarted: net.thucydides.core.steps.ExecutedStepDescription@6a2d3627
[Test worker] WARN net.thucydides.core.steps.BaseStepListener - stepFinished: current outcome:Search form a automatic course:Given than brandon wants to learn automation at the academy choucair
| strUser | srtPassword |
| 1019057007 | Choucair2021* | [Brandon open up [Brandon opens the Choucair academy page], Brandon login [Brandon clicks on button that shows us the form to login, Brandon enters '1019057007' into input field write user name, Brandon enters 'Choucair2021*' into input field write password user, Brandon clicks on button that shows us the form to login]], When he search for the course on the choucair academy platform
| strCourse |
| Foundation Level | [Brandon search [Brandon clicks on link page courses, Brandon enters 'Foundation Level' into input field search course, Brandon clicks on button search course, Brandon clicks on link course search]]
[Test worker] WARN net.thucydides.core.steps.BaseStepListener - stepFinished: current outcome:Search form a automatic course:Given than brandon wants to learn automation at the academy choucair
| strUser | srtPassword |
| 1019057007 | Choucair2021* | [Brandon open up [Brandon opens the Choucair academy page], Brandon login [Brandon clicks on button that shows us the form to login, Brandon enters '1019057007' into input field write user name, Brandon enters 'Choucair2021*' into input field write password user, Brandon clicks on button that shows us the form to login]], When he search for the course on the choucair academy platform
| strCourse |
| Foundation Level | [Brandon search [Brandon clicks on link page courses, Brandon enters 'Foundation Level' into input field search course, Brandon clicks on button search course, Brandon clicks on link course search]]
[Test worker] WARN net.thucydides.core.steps.BaseStepListener - stepFinished: current outcome:Search form a automatic course:Given than brandon wants to learn automation at the academy choucair
| strUser | srtPassword |
| 1019057007 | Choucair2021* | [Brandon open up [Brandon opens the Choucair academy page], Brandon login [Brandon clicks on button that shows us the form to login, Brandon enters '1019057007' into input field write user name, Brandon enters 'Choucair2021*' into input field write password user, Brandon clicks on button that shows us the form to login]], When he search for the course on the choucair academy platform
| strCourse |
| Foundation Level | [Brandon search [Brandon clicks on link page courses, Brandon enters 'Foundation Level' into input field search course, Brandon clicks on button search course, Brandon clicks on link course search]]
[Test worker] WARN net.thucydides.core.steps.BaseStepListener - stepStarted: net.thucydides.core.steps.ExecutedStepDescription@4469be34
[Test worker] WARN net.thucydides.core.steps.BaseStepListener - stepStarted: net.thucydides.core.steps.ExecutedStepDescription@2cc80656
[Test worker] WARN net.thucydides.core.steps.BaseStepListener - stepFinished: current outcome:Search form a automatic course:Given than brandon wants to learn automation at the academy choucair
| strUser | srtPassword |
| 1019057007 | Choucair2021* | [Brandon open up [Brandon opens the Choucair academy page], Brandon login [Brandon clicks on button that shows us the form to login, Brandon enters '1019057007' into input field write user name, Brandon enters 'Choucair2021*' into input field write password user, Brandon clicks on button that shows us the form to login]], When he search for the course on the choucair academy platform
| strCourse |
| Foundation Level | [Brandon search [Brandon clicks on link page courses, Brandon enters 'Foundation Level' into input field search course, Brandon clicks on button search course, Brandon clicks on link course search]], Then he finds the course called resources
| strCourse |
| Foundation Level | [Then answer]
[Test worker] WARN net.thucydides.core.steps.BaseStepListener - stepFinished: current outcome:Search form a automatic course:Given than brandon wants to learn automation at the academy choucair
| strUser | srtPassword |
| 1019057007 | Choucair2021* | [Brandon open up [Brandon opens the Choucair academy page], Brandon login [Brandon clicks on button that shows us the form to login, Brandon enters '1019057007' into input field write user name, Brandon enters 'Choucair2021*' into input field write password user, Brandon clicks on button that shows us the form to login]], When he search for the course on the choucair academy platform
| strCourse |
| Foundation Level | [Brandon search [Brandon clicks on link page courses, Brandon enters 'Foundation Level' into input field search course, Brandon clicks on button search course, Brandon clicks on link course search]], Then he finds the course called resources
| strCourse |
| Foundation Level | [Then answer]
[Test worker] WARN net.thucydides.core.steps.BaseStepListener - testFinished: Search form a automatic course:Given than brandon wants to learn automation at the academy choucair
| strUser | srtPassword |
| 1019057007 | Choucair2021* | [Brandon open up [Brandon opens the Choucair academy page], Brandon login [Brandon clicks on button that shows us the form to login, Brandon enters '1019057007' into input field write user name, Brandon enters 'Choucair2021*' into input field write password user, Brandon clicks on button that shows us the form to login]], When he search for the course on the choucair academy platform
| strCourse |
| Foundation Level | [Brandon search [Brandon clicks on link page courses, Brandon enters 'Foundation Level' into input field search course, Brandon clicks on button search course, Brandon clicks on link course search]], Then he finds the course called resources
| strCourse |
| Foundation Level | [Then answer]
[Test worker] WARN net.thucydides.core.steps.BaseStepListener - TestOutcomes: [Search form a automatic course:Given than brandon wants to learn automation at the academy choucair
| strUser | srtPassword |
| 1019057007 | Choucair2021* | [Brandon open up [Brandon opens the Choucair academy page], Brandon login [Brandon clicks on button that shows us the form to login, Brandon enters '1019057007' into input field write user name, Brandon enters 'Choucair2021*' into input field write password user, Brandon clicks on button that shows us the form to login]], When he search for the course on the choucair academy platform
| strCourse |
| Foundation Level | [Brandon search [Brandon clicks on link page courses, Brandon enters 'Foundation Level' into input field search course, Brandon clicks on button search course, Brandon clicks on link course search]], Then he finds the course called resources
| strCourse |
| Foundation Level | [Then answer]]
[Test worker] WARN net.thucydides.core.steps.BaseStepListener - Final testOutcomes: [Search form a automatic course:Given than brandon wants to learn automation at the academy choucair
| strUser | srtPassword |
| 1019057007 | Choucair2021* | [Brandon open up [Brandon opens the Choucair academy page], Brandon login [Brandon clicks on button that shows us the form to login, Brandon enters '1019057007' into input field write user name, Brandon enters 'Choucair2021*' into input field write password user, Brandon clicks on button that shows us the form to login]], When he search for the course on the choucair academy platform
| strCourse |
| Foundation Level | [Brandon search [Brandon clicks on link page courses, Brandon enters 'Foundation Level' into input field search course, Brandon clicks on button search course, Brandon clicks on link course search]], Then he finds the course called resources
| strCourse |
| Foundation Level | [Then answer]]
[Test worker] INFO net.thucydides.core.steps.ConsoleLoggingListener - 
        __    _____ _____ ____ _____   ____   _    ____  ____  _____ ____  
  _     \ \  |_   _| ____/ ___|_   _| |  _ \ / \  / ___|/ ___|| ____|  _ \ 
 (_)_____| |   | | |  _| \___ \ | |   | |_) / _ \ \___ \\___ \|  _| | | | |
  _|_____| |   | | | |___ ___) || |   |  __/ ___ \ ___) |___) | |___| |_| |
 (_)     | |   |_| |_____|____/ |_|   |_| /_/   \_\____/|____/|_____|____/ 
        /_/                                                                

TEST PASSED: Search form a automatic course
----------------------------------------------------------------------------
]]></system-err>
</testsuite>
